205 [19164] INFO perfrun.launcher <> - Launcher main begin
212 [19164] INFO perfrun.launcher <> - MessageCatalogInit finished
212 [19164] INFO perfrun.launcher <> - Launcher instance created
212 [19164] INFO perfrun.launcher <> - argc = 7; cmdline = C:\Program Files (x86)\Intel\oneAPI\vtune\2024.3\bin64\amplxe-runss.exe --ui-output-format xml --ui-output-fd 988 --option-file C:\DDD\zapi\asm\r000hs\config\runss.options 
236 [19164] INFO perfrun.launcher <> - New signal handler callback was added
282 [19164] INFO perfrun.perfcollector <> - SEP tool path: C:\Program Files (x86)\Intel\oneAPI\vtune\2024.3\bin64\sep.exe
323 [19164] INFO perfrun.launcher <> - create msngr2::ICliToolContext
324 [19164] INFO perfrun.launcher <> - create file finder object
324 [19164] INFO perfrun.launcher <> - create a result directory: pattern = C:\DDD\zapi\asm\r000hs pid = 4294967295
347 [19164] INFO perfrun.launcher <> - create data directory = C:\DDD\zapi\asm\r000hs\data.0
350 [19164] INFO perfrun.launcher <> - Creating the master collection flag
361 [19164] INFO perfrun.launcher <> - Done creating the master collection flag
362 [8564] INFO perfrun.launcher <> - plugin [remoteplug] was disabled because it doesn't support the given collection type.
362 [8564] INFO perfrun.sdk <> - Allocating TMU :C:\DDD\zapi\asm\r000hs\data.0\systemcollector-8048-DESKTOP-VJDG2CG.sc
363 [8564] INFO perfrun.launcher <> - plugin [] was disabled because it doesn't support the given collection type.
368 [8564] INFO perfrun.launcher <> - plugin [] was disabled because it doesn't support the given collection type.
368 [8564] INFO perfrun.launcher <> - plugin [gpu] was disabled because it doesn't support the given collection type.
368 [8564] INFO perfrun.launcher <> - plugin [etw.kernel] was disabled because it doesn't support the given collection type.
368 [8564] INFO perfrun.launcher <> - plugin [etw.dx] was disabled because it doesn't support the given collection type.
368 [8564] INFO perfrun.launcher <> - plugin [etw.wsa] was disabled because it doesn't support the given collection type.
368 [8564] INFO perfrun.mrte <> - system-wide mode is 0
369 [8564] INFO perfrun.mrte <> - Getting  mrte profiling environment ...
451 [8564] INFO perfrun.mrte <> - INTEL_MRTE_DATA_DIR=C:\DDD\zapi\asm\r000hs\data.0
451 [8564] INFO perfrun.mrte <> - INTEL_MRTE_HOST_NAME=DESKTOP-VJDG2CG
451 [8564] INFO perfrun.mrte <> - JAVA_TOOL_OPTIONS=-agentlib:amplxe_samplingmrte_javaprof_1.0
451 [8564] INFO perfrun.mrte <> - PATH=C:\Program Files (x86)\Intel\oneAPI\vtune\2024.3\bin32\runtime;C:\Program Files (x86)\Intel\oneAPI\vtune\2024.3\bin64\runtime;C:\Program Files\ImageMagick-7.1.1-Q16-HDRI;C:\Program Files (x86)\IntelSWTools\system_studio_2020\OpenCL\sdk\bin\x64;C:\Program Files (x86)\IntelSWTools\system_studio_2020\OpenCL\sdk\bin\x86;C:\Windows\system32;C:\Windows;C:\Windows\System32\Wbem;C:\Windows\System32\WindowsPowerShell\v1.0\;C:\Windows\System32\OpenSSH\;C:\Program Files\Git\cmd;C:\x86_64-13.1.0-release-posix-seh-ucrt-rt_v11-rev1\mingw64\bin;C:\Program Files\dotnet\;C:\DirectXSDK\Utilities\bin\x64;C:\Program Files\TortoiseGit\bin;C:\Program Files (x86)\Windows Kits\10\Windows Performance Toolkit\;C:\Program Files\Microsoft SQL Server\120\Tools\Binn\;C:\Program Files\Common Files\Autodesk Shared\;C:\Users\USER100\AppData\Local\Programs\Python\Python312\Scripts\;C:\Users\USER100\AppData\Local\Programs\Python\Python312\;C:\Users\USER100\AppData\Local\Programs\Python\Python311\Scripts\;C:\Users\USER100\AppData\Local\Programs\Python\Python311\;C:\Users\USER100\.cargo\bin;C:\Users\USER100\AppData\Local\Microsoft\WindowsApps;C:\Microsoft VS Code\bin;C:\MinGW\bin;C:\Users\USER100\AppData\Local\GitHubDesktop\bin;C:\Users\USER100\.dotnet\tools;C:\Microsoft DirectX SDK (June 2010)\Utilities\bin\x64;C:\Program Files\JetBrains\CLion 2023.2\bin;C:\Program Files\CMake\bin;C:\Users\USER100\AppData\Local\JetBrains\Toolbox\scripts;C:\Users\USER100\.dotnet\tools;C:\Program Files\Microsoft Visual Studio\2022\Community\VC\Tools\MSVC\14.35.32215\bin\Hostx64\x64;C:\Program Files (x86)\FASM;C:\Program Files (x86)\NASM;C:\Program Files (x86)\iaca-win32;C:\Program Files (x86)\Intel\oneAPI\vtune\2024.3\bin64
451 [8564] INFO perfrun.mrte <> - COR_ENABLE_PROFILING=1
451 [8564] INFO perfrun.mrte <> - COR_PROFILER={AA5E4821-E3B1-479c-B7FF-5AD047D22CED}
451 [8564] INFO perfrun.mrte <> - COMPLUS_ProfAPI_ProfilerCompatibilitySetting=EnableV2Profiler
451 [8564] INFO perfrun.mrte <> - CORECLR_ENABLE_PROFILING=1
451 [8564] INFO perfrun.mrte <> - CORECLR_PROFILER={AA5E4821-E3B1-479c-B7FF-5AD047D22CED}
451 [8564] INFO perfrun.mrte <> - CORECLR_PROFILER_PATH=C:\Program Files (x86)\Intel\oneAPI\vtune\2024.3\bin64/amplxe_samplingmrte_clrprof_1.0.dll
451 [8564] INFO perfrun.mrte <> - INTEL_MRTE_PROFILER_MODE=mixed
451 [8564] INFO perfrun.mrte <> - Data directory: C:\DDD\zapi\asm\r000hs\data.0
451 [8564] INFO perfrun.mrte <> - Mrte plugin is initialized
452 [8564] INFO perfrun.launcher <> - plugin [cuscol] was disabled because it doesn't support the given collection type.
452 [8564] INFO perfrun.launcher <> - plugin [stdsrc] was disabled because it doesn't support the given collection type.
452 [8564] INFO perfrun.launcher <> - plugin [sep] was disabled because it doesn't support the given collection type.
452 [8564] INFO perfrun.launcher <> - plugin [vtsspp] was disabled because it doesn't support the given collection type.
452 [8564] INFO perfrun.launcher <> - plugin [perf] was disabled because it doesn't support the given collection type.
452 [8564] INFO perfrun.launcher <> - plugin [aoclprofile] was disabled because it doesn't support the given collection type.
452 [8564] INFO perfrun.tpss <> - initialize tpss controller
452 [8564] INFO perfrun.tpss <> - configure collection mode: value = cpu:counters:nostack
452 [8564] INFO perfrun.tpss <> - configure collection mode: value = cpu:stack
452 [8564] INFO perfrun.tpss <> - default obj-size-min=1024
452 [8564] INFO perfrun.tpss <> - default hash-table-size=0
452 [8564] INFO perfrun.launcher <> - plugin [] was disabled because it doesn't support the given collection type.
453 [8564] INFO perfrun.launcher <> - plugin [] was disabled because it doesn't support the given collection type.
453 [8564] INFO perfrun.launcher <> - plugin [] was disabled because it doesn't support the given collection type.
453 [8564] INFO perfrun.launcher <> - plugin [] was disabled because it doesn't support the given collection type.
453 [8564] INFO perfrun.launcher <> - plugin [power] was disabled because it doesn't support the given collection type.
453 [8564] INFO perfrun.launcher <> - plugin [] was disabled because it doesn't support the given collection type.
453 [8564] INFO perfrun.launcher <> - plugin [ipmwatch] was disabled because it doesn't support the given collection type.
453 [8564] INFO perfrun.launcher <> - plugin [os_counters] was disabled because it doesn't support the given collection type.
453 [8564] INFO perfrun.launcher <> - plugin [l0_metrics] was disabled because it doesn't support the given collection type.
453 [19164] INFO perfrun.launcher <> - set environment variable: PATH = C:\Program Files (x86)\Intel\oneAPI\vtune\2024.3\bin32\runtime;C:\Program Files (x86)\Intel\oneAPI\vtune\2024.3\bin64\runtime;C:\Program Files\ImageMagick-7.1.1-Q16-HDRI;C:\Program Files (x86)\IntelSWTools\system_studio_2020\OpenCL\sdk\bin\x64;C:\Program Files (x86)\IntelSWTools\system_studio_2020\OpenCL\sdk\bin\x86;C:\Windows\system32;C:\Windows;C:\Windows\System32\Wbem;C:\Windows\System32\WindowsPowerShell\v1.0\;C:\Windows\System32\OpenSSH\;C:\Program Files\Git\cmd;C:\x86_64-13.1.0-release-posix-seh-ucrt-rt_v11-rev1\mingw64\bin;C:\Program Files\dotnet\;C:\DirectXSDK\Utilities\bin\x64;C:\Program Files\TortoiseGit\bin;C:\Program Files (x86)\Windows Kits\10\Windows Performance Toolkit\;C:\Program Files\Microsoft SQL Server\120\Tools\Binn\;C:\Program Files\Common Files\Autodesk Shared\;C:\Users\USER100\AppData\Local\Programs\Python\Python312\Scripts\;C:\Users\USER100\AppData\Local\Programs\Python\Python312\;C:\Users\USER100\AppData\Local\Programs\Python\Python311\Scripts\;C:\Users\USER100\AppData\Local\Programs\Python\Python311\;C:\Users\USER100\.cargo\bin;C:\Users\USER100\AppData\Local\Microsoft\WindowsApps;C:\Microsoft VS Code\bin;C:\MinGW\bin;C:\Users\USER100\AppData\Local\GitHubDesktop\bin;C:\Users\USER100\.dotnet\tools;C:\Microsoft DirectX SDK (June 2010)\Utilities\bin\x64;C:\Program Files\JetBrains\CLion 2023.2\bin;C:\Program Files\CMake\bin;C:\Users\USER100\AppData\Local\JetBrains\Toolbox\scripts;C:\Users\USER100\.dotnet\tools;C:\Program Files\Microsoft Visual Studio\2022\Community\VC\Tools\MSVC\14.35.32215\bin\Hostx64\x64;C:\Program Files (x86)\FASM;C:\Program Files (x86)\NASM;C:\Program Files (x86)\iaca-win32;C:\Program Files (x86)\Intel\oneAPI\vtune\2024.3\bin64
453 [19164] INFO perfrun.launcher <> - set environment variable: INTEL_LIBITTNOTIFY32 = C:\Program Files (x86)\Intel\oneAPI\vtune\2024.3\bin32\runtime\ittnotify_collector.dll
453 [19164] INFO perfrun.launcher <> - set environment variable: INTEL_LIBITTNOTIFY64 = C:\Program Files (x86)\Intel\oneAPI\vtune\2024.3\bin64\runtime\ittnotify_collector.dll
453 [19164] INFO perfrun.launcher <> - set environment variable: INTEL_ITTNOTIFY_GROUPS = 
453 [19164] INFO perfrun.launcher <> - set environment variable: INTEL_JIT_PROFILER32 = C:\Program Files (x86)\Intel\oneAPI\vtune\2024.3\bin32\runtime\ittnotify_collector.dll
453 [19164] INFO perfrun.launcher <> - set environment variable: INTEL_JIT_PROFILER64 = C:\Program Files (x86)\Intel\oneAPI\vtune\2024.3\bin64\runtime\ittnotify_collector.dll
453 [19164] INFO perfrun.launcher <> - set environment variable: CCL_ITT_LEVEL = 1
453 [19164] INFO perfrun.launcher <> - set environment variable: ENABLE_JITPROFILING = 1
453 [19164] INFO perfrun.launcher <> - set environment variable: CL_CONFIG_USE_VTUNE = True
453 [19164] INFO perfrun.launcher <> - set environment variable: KMP_FORKJOIN_FRAMES = 0
454 [19164] INFO perfrun.launcher <> - set environment variable: KMP_FORKJOIN_FRAMES_MODE = 0
454 [19164] INFO perfrun.launcher <> - set environment variable: INTEL_MRTE_DATA_DIR = C:\DDD\zapi\asm\r000hs\data.0
454 [19164] INFO perfrun.launcher <> - set environment variable: INTEL_MRTE_HOST_NAME = DESKTOP-VJDG2CG
454 [19164] INFO perfrun.launcher <> - set environment variable: JAVA_TOOL_OPTIONS = -agentlib:amplxe_samplingmrte_javaprof_1.0
454 [19164] INFO perfrun.launcher <> - set environment variable: PATH = C:\Program Files (x86)\Intel\oneAPI\vtune\2024.3\bin32\runtime;C:\Program Files (x86)\Intel\oneAPI\vtune\2024.3\bin64\runtime;C:\Program Files\ImageMagick-7.1.1-Q16-HDRI;C:\Program Files (x86)\IntelSWTools\system_studio_2020\OpenCL\sdk\bin\x64;C:\Program Files (x86)\IntelSWTools\system_studio_2020\OpenCL\sdk\bin\x86;C:\Windows\system32;C:\Windows;C:\Windows\System32\Wbem;C:\Windows\System32\WindowsPowerShell\v1.0\;C:\Windows\System32\OpenSSH\;C:\Program Files\Git\cmd;C:\x86_64-13.1.0-release-posix-seh-ucrt-rt_v11-rev1\mingw64\bin;C:\Program Files\dotnet\;C:\DirectXSDK\Utilities\bin\x64;C:\Program Files\TortoiseGit\bin;C:\Program Files (x86)\Windows Kits\10\Windows Performance Toolkit\;C:\Program Files\Microsoft SQL Server\120\Tools\Binn\;C:\Program Files\Common Files\Autodesk Shared\;C:\Users\USER100\AppData\Local\Programs\Python\Python312\Scripts\;C:\Users\USER100\AppData\Local\Programs\Python\Python312\;C:\Users\USER100\AppData\Local\Programs\Python\Python311\Scripts\;C:\Users\USER100\AppData\Local\Programs\Python\Python311\;C:\Users\USER100\.cargo\bin;C:\Users\USER100\AppData\Local\Microsoft\WindowsApps;C:\Microsoft VS Code\bin;C:\MinGW\bin;C:\Users\USER100\AppData\Local\GitHubDesktop\bin;C:\Users\USER100\.dotnet\tools;C:\Microsoft DirectX SDK (June 2010)\Utilities\bin\x64;C:\Program Files\JetBrains\CLion 2023.2\bin;C:\Program Files\CMake\bin;C:\Users\USER100\AppData\Local\JetBrains\Toolbox\scripts;C:\Users\USER100\.dotnet\tools;C:\Program Files\Microsoft Visual Studio\2022\Community\VC\Tools\MSVC\14.35.32215\bin\Hostx64\x64;C:\Program Files (x86)\FASM;C:\Program Files (x86)\NASM;C:\Program Files (x86)\iaca-win32;C:\Program Files (x86)\Intel\oneAPI\vtune\2024.3\bin64
454 [19164] INFO perfrun.launcher <> - set environment variable: COR_ENABLE_PROFILING = 1
454 [19164] INFO perfrun.launcher <> - set environment variable: COR_PROFILER = {AA5E4821-E3B1-479c-B7FF-5AD047D22CED}
454 [19164] INFO perfrun.launcher <> - set environment variable: COMPLUS_ProfAPI_ProfilerCompatibilitySetting = EnableV2Profiler
454 [19164] INFO perfrun.launcher <> - set environment variable: CORECLR_ENABLE_PROFILING = 1
454 [19164] INFO perfrun.launcher <> - set environment variable: CORECLR_PROFILER = {AA5E4821-E3B1-479c-B7FF-5AD047D22CED}
454 [19164] INFO perfrun.launcher <> - set environment variable: CORECLR_PROFILER_PATH = C:\Program Files (x86)\Intel\oneAPI\vtune\2024.3\bin64/amplxe_samplingmrte_clrprof_1.0.dll
454 [19164] INFO perfrun.launcher <> - set environment variable: INTEL_MRTE_PROFILER_MODE = mixed
455 [19164] INFO perfrun.launcher <> - RpcServer: run RPC server to handle requests
462 [19164] INFO perfrun.sdk <> - IProcessUtil: the given executable 'app_win64.exe' is valid.
463 [19164] INFO perfrun.launcher <> - Launcher: command line to start before modification = app_win64.exe
468 [19164] INFO perfrun.launcher <> - Launcher: command line to start after modification = C:\Program Files (x86)\Intel\oneAPI\vtune\2024.3\bin64\pin.exe -error_file C:\DDD\zapi\asm\r000hs\data.0\pinerr.tpsslog -detach_reattach -probe -follow_execv -p32 C:\Program Files (x86)\Intel\oneAPI\vtune\2024.3\bin32\pin.exe -p64 C:\Program Files (x86)\Intel\oneAPI\vtune\2024.3\bin64\pin.exe -t64 C:\Program Files (x86)\Intel\oneAPI\vtune\2024.3\bin64\tpsstool.dll -t C:\Program Files (x86)\Intel\oneAPI\vtune\2024.3\bin32\tpsstool.dll -server_name tpss_ipc.8048 -prd_dir C:\Program Files (x86)\Intel\oneAPI\vtune\2024.3 -- app_win64.exe
468 [19164] INFO perfrun.launcher <> - ProcessCreator object was created
473 [19164] INFO perfrun.launcher <> - Launcher: the process was started in suspend mode
474 [8564] INFO perfrun.itt <> - start itt controller for pid #5916
476 [8564] INFO perfrun.sdk <> - runCmd: "C:\Program Files (x86)\Intel\oneAPI\vtune\2024.3\bin64\emon.exe" -M
482 [8564] INFO perfrun.sdk <> - runCmd started PID 4452
670 [8564] INFO perfrun.sdk <> - runCmd: "C:\Program Files (x86)\Intel\oneAPI\vtune\2024.3\bin64\emon.exe" -v
673 [8564] INFO perfrun.sdk <> - runCmd started PID 240
811 [8564] INFO perfrun.sdk <> - runCmd: "C:\Program Files (x86)\Intel\oneAPI\vtune\2024.3\bin64\sep.exe" -dry-run -ec CPU_CLK_UNHALTED.THREAD,CPU_CLK_UNHALTED.REF_TSC:sample:sa=2500000,INST_RETIRED.ANY:sample:sa=2500000,CPU_CLK_UNHALTED.REF_XCLK,CPU_CLK_UNHALTED.ONE_THREAD_ACTIVE,FP_ARITH_INST_RETIRED.SCALAR_SINGLE,FP_ARITH_INST_RETIRED.128B_PACKED_SINGLE,FP_ARITH_INST_RETIRED.256B_PACKED_SINGLE,FP_ARITH_INST_RETIRED.SCALAR_DOUBLE,FP_ARITH_INST_RETIRED.128B_PACKED_DOUBLE,FP_ARITH_INST_RETIRED.256B_PACKED_DOUBLE,UOPS_EXECUTED.X87,UOPS_RETIRED.RETIRE_SLOTS:sample:sa=2000003,UOPS_EXECUTED.THREAD -experimental
815 [8564] INFO perfrun.sdk <> - runCmd started PID 7360
992 [8564] INFO perfrun.sdk <> - runCmd: "C:\Program Files (x86)\Intel\oneAPI\vtune\2024.3\bin64\emon.exe" -u -t 0.050 -l0 -A -C CPU_CLK_UNHALTED.ONE_THREAD_ACTIVE,CPU_CLK_UNHALTED.REF_TSC,CPU_CLK_UNHALTED.REF_XCLK,CPU_CLK_UNHALTED.THREAD,FP_ARITH_INST_RETIRED.128B_PACKED_DOUBLE,FP_ARITH_INST_RETIRED.128B_PACKED_SINGLE,FP_ARITH_INST_RETIRED.256B_PACKED_DOUBLE,FP_ARITH_INST_RETIRED.256B_PACKED_SINGLE,FP_ARITH_INST_RETIRED.SCALAR_DOUBLE,FP_ARITH_INST_RETIRED.SCALAR_SINGLE,INST_RETIRED.ANY,UOPS_EXECUTED.THREAD,UOPS_EXECUTED.X87,UOPS_RETIRED.RETIRE_SLOTS -f C:\DDD\zapi\asm\r000hs\data.0\emon.0.emon -experimental
997 [8564] INFO perfrun.sdk <> - runCmd started PID 10360
997 [8564] INFO perfrun.emon <> - Waiting trace file creation: C:\DDD\zapi\asm\r000hs\data.0\emon.0.emon
1207 [8564] INFO perfrun.emon <> - trace file was found
1207 [8564] INFO perfrun.tpss <> - start tpss controller for pid #5916
1268 [19164] INFO perfrun.launcher <> - Launcher: all plugins were started
1269 [19164] INFO perfrun.launcher <> - DirectoryMonitor object was created
1269 [19164] INFO perfrun.launcher <> - DirectoryMonitor: a callback was added
1269 [19164] INFO perfrun.launcher <> - DirectoryMonitor was started with pingTime = 1000
1269 [19164] INFO perfrun.launcher <> - DeadlineTimer is going to be constructed
1269 [19164] INFO perfrun.launcher <> - DeadlineTimer: a callback was added
1278 [19164] INFO perfrun.launcher <> - Launcher: resume the profiled application and  wait its termination or stop command
7729 [19164] WARN perfrun.sdk <> - Unexpected exit status - -1073741674, at file: vcs\perfrun1\sdk\src\utils_win.cpp:541
7730 [19164] INFO perfrun.launcher <> - Launcher: the profiled application was terminated  with exit code = -1073741674
7730 [8564] INFO perfrun.launcher <> - Cannot open the given process to PING #16688 : The parameter is incorrect.
7730 [8564] INFO perfrun.launcher <> - Cannot open the given process to PING #16688 : The parameter is incorrect.
7746 [8564] INFO perfrun.itt <> - detach itt controller
7746 [8564] INFO perfrun.itt <> - detach itt controller done
7747 [8564] INFO perfrun.sdk <> - runCmd: "C:\Program Files (x86)\Intel\oneAPI\vtune\2024.3\bin64\emon.exe" -stop
7750 [8564] INFO perfrun.sdk <> - runCmd started PID 15400
8072 [8564] INFO perfrun.emon <> - EMON collector successfully stopped.

8072 [8564] INFO perfrun.emon <> - Waiting for main Emon process (10360) to finish...
8122 [8564] INFO perfrun.emon <> - Main Emon process finished
8122 [8564] INFO perfrun.tpss <> - stop tpss controller
8124 [8564] INFO perfrun.sdk <> - De-allocating TMU: C:\DDD\zapi\asm\r000hs\data.0\systemcollector-8048-DESKTOP-VJDG2CG.sc
8139 [8564] INFO perfrun.system <> - closed the system trace file: C:\DDD\zapi\asm\r000hs\data.0\systemcollector-8048-DESKTOP-VJDG2CG.sc
8139 [19164] INFO perfrun.launcher <> - Launcher: all plugins were stopped.
8139 [19164] INFO perfrun.launcher <> - DeadlineTimer is going to be destroyed
8140 [19164] INFO perfrun.launcher <> - DeadlineTimer was destroyed
8140 [19164] INFO perfrun.launcher <> - DirectoryMonitor object was destroyed
8140 [19164] WARN perfrun.launcher <> - Stop command is ignored because it is received when collection is already stopped, at file: vcs\perfrun1\launcher\src\command_handler.cpp:226
8141 [19164] INFO perfrun.launcher <> - Application exit code: -1073741674
8141 [19164] INFO perfrun.launcher <> - Exit code: 4
